{"name": "Login with valid credentials -- @1.4 ", "status": "broken", "statusDetails": {"message": "selenium.common.exceptions.NoSuchElementException: Message: no such element: Unable to locate element: {\"method\":\"link text\",\"selector\":\"Edit your account informationnnnnnnn\"}\n  (Session info: chrome=130.0.6723.92); For documentation on this error, please visit: https://www.selenium.dev/documentation/webdriver/troubleshooting/errors#no-such-element-exception\nStacktrace:\n\tGetHandleVerifier [0x00007FF61B523AF5+28005]\n\t(No symbol) [0x00007FF61B4883F0]\n\t(No symbol) [0x00007FF61B32580A]\n\t(No symbol) [0x00007FF61B375A3E]\n\t(No symbol) [0x00007FF61B375D2C]\n\t(No symbol) [0x00007FF61B3BEA97]\n\t(No symbol) [0x00007FF61B39BA7F]\n\t(No symbol) [0x00007FF61B3BB8B3]\n\t(No symbol) [0x00007FF61B39B7E3]\n\t(No symbol) [0x00007FF61B3675C8]\n\t(No symbol) [0x00007FF61B368731]\n\tGetHandleVerifier [0x00007FF61B81646D+3118813]\n\tGetHandleVerifier [0x00007FF61B866CC0+3448624]\n\tGetHandleVerifier [0x00007FF61B85CF3D+3408301]\n\tGetHandleVerifier [0x00007FF61B5EA44B+841403]\n\t(No symbol) [0x00007FF61B49344F]\n\t(No symbol) [0x00007FF61B48F4C4]\n\t(No symbol) [0x00007FF61B48F65D]\n\t(No symbol) [0x00007FF61B47EBB9]\n\tBaseThreadInitThunk [0x00007FFEF7D97374+20]\n\tRtlUserThreadStart [0x00007FFEF8CFCC91+33]\n\n", "trace": "  File \"C:\\Python\\python-workspace\\Behave BDD Selenium Python Hybrid Framework with Page Object Model\\.venv\\Lib\\site-packages\\behave\\model.py\", line 1329, in run\n    match.run(runner.context)\n  File \"C:\\Python\\python-workspace\\Behave BDD Selenium Python Hybrid Framework with Page Object Model\\.venv\\Lib\\site-packages\\behave\\matchers.py\", line 98, in run\n    self.func(context, *args, **kwargs)\n  File \"features\\steps\\login.py\", line 26, in step_impl\n    assert context.account_page.display_status_of_edit_your_account_information_option()\n           ^^^^^^^^^^^^^^^^^^^^^^^^^^^^^^^^^^^^^^^^^^^^^^^^^^^^^^^^^^^^^^^^^^^^^^^^^^^^^\n  File \"C:\\Python\\python-workspace\\Behave BDD Selenium Python Hybrid Framework with Page Object Model\\features\\pages\\AccountPage.py\", line 15, in display_status_of_edit_your_account_information_option\n    return self.is_element_displayed(self.edit_your_account_link_text)\n           ^^^^^^^^^^^^^^^^^^^^^^^^^^^^^^^^^^^^^^^^^^^^^^^^^^^^^^^^^^^\n  File \"C:\\Python\\python-workspace\\Behave BDD Selenium Python Hybrid Framework with Page Object Model\\features\\pages\\BasePage.py\", line 92, in is_element_displayed\n    return self.get_element(locator).is_displayed()\n           ^^^^^^^^^^^^^^^^^^^^^^^^^\n  File \"C:\\Python\\python-workspace\\Behave BDD Selenium Python Hybrid Framework with Page Object Model\\features\\pages\\BasePage.py\", line 19, in get_element\n    return self.driver.find_element(*locator)\n           ^^^^^^^^^^^^^^^^^^^^^^^^^^^^^^^^^^\n  File \"C:\\Python\\python-workspace\\Behave BDD Selenium Python Hybrid Framework with Page Object Model\\.venv\\Lib\\site-packages\\selenium\\webdriver\\remote\\webdriver.py\", line 766, in find_element\n    return self.execute(Command.FIND_ELEMENT, {\"using\": by, \"value\": value})[\"value\"]\n           ^^^^^^^^^^^^^^^^^^^^^^^^^^^^^^^^^^^^^^^^^^^^^^^^^^^^^^^^^^^^^^^^^\n  File \"C:\\Python\\python-workspace\\Behave BDD Selenium Python Hybrid Framework with Page Object Model\\.venv\\Lib\\site-packages\\selenium\\webdriver\\remote\\webdriver.py\", line 380, in execute\n    self.error_handler.check_response(response)\n  File \"C:\\Python\\python-workspace\\Behave BDD Selenium Python Hybrid Framework with Page Object Model\\.venv\\Lib\\site-packages\\selenium\\webdriver\\remote\\errorhandler.py\", line 229, in check_response\n    raise exception_class(message, screen, stacktrace)\n"}, "steps": [{"name": "Given I navigated to Login page", "status": "passed", "start": 1730615143854, "stop": 1730615144350}, {"name": "When I enter valid email address as \"kinam@gmail.com\" and valid password as \"123456\" into the fields", "status": "passed", "start": 1730615144350, "stop": 1730615144874}, {"name": "And I click on Login button", "status": "passed", "start": 1730615144874, "stop": 1730615145436}, {"name": "Then I should get logged in", "status": "broken", "statusDetails": {"message": "selenium.common.exceptions.NoSuchElementException: Message: no such element: Unable to locate element: {\"method\":\"link text\",\"selector\":\"Edit your account informationnnnnnnn\"}\n  (Session info: chrome=130.0.6723.92); For documentation on this error, please visit: https://www.selenium.dev/documentation/webdriver/troubleshooting/errors#no-such-element-exception\nStacktrace:\n\tGetHandleVerifier [0x00007FF61B523AF5+28005]\n\t(No symbol) [0x00007FF61B4883F0]\n\t(No symbol) [0x00007FF61B32580A]\n\t(No symbol) [0x00007FF61B375A3E]\n\t(No symbol) [0x00007FF61B375D2C]\n\t(No symbol) [0x00007FF61B3BEA97]\n\t(No symbol) [0x00007FF61B39BA7F]\n\t(No symbol) [0x00007FF61B3BB8B3]\n\t(No symbol) [0x00007FF61B39B7E3]\n\t(No symbol) [0x00007FF61B3675C8]\n\t(No symbol) [0x00007FF61B368731]\n\tGetHandleVerifier [0x00007FF61B81646D+3118813]\n\tGetHandleVerifier [0x00007FF61B866CC0+3448624]\n\tGetHandleVerifier [0x00007FF61B85CF3D+3408301]\n\tGetHandleVerifier [0x00007FF61B5EA44B+841403]\n\t(No symbol) [0x00007FF61B49344F]\n\t(No symbol) [0x00007FF61B48F4C4]\n\t(No symbol) [0x00007FF61B48F65D]\n\t(No symbol) [0x00007FF61B47EBB9]\n\tBaseThreadInitThunk [0x00007FFEF7D97374+20]\n\tRtlUserThreadStart [0x00007FFEF8CFCC91+33]\n\n", "trace": "  File \"C:\\Python\\python-workspace\\Behave BDD Selenium Python Hybrid Framework with Page Object Model\\.venv\\Lib\\site-packages\\behave\\model.py\", line 1329, in run\n    match.run(runner.context)\n  File \"C:\\Python\\python-workspace\\Behave BDD Selenium Python Hybrid Framework with Page Object Model\\.venv\\Lib\\site-packages\\behave\\matchers.py\", line 98, in run\n    self.func(context, *args, **kwargs)\n  File \"features\\steps\\login.py\", line 26, in step_impl\n    assert context.account_page.display_status_of_edit_your_account_information_option()\n           ^^^^^^^^^^^^^^^^^^^^^^^^^^^^^^^^^^^^^^^^^^^^^^^^^^^^^^^^^^^^^^^^^^^^^^^^^^^^^\n  File \"C:\\Python\\python-workspace\\Behave BDD Selenium Python Hybrid Framework with Page Object Model\\features\\pages\\AccountPage.py\", line 15, in display_status_of_edit_your_account_information_option\n    return self.is_element_displayed(self.edit_your_account_link_text)\n           ^^^^^^^^^^^^^^^^^^^^^^^^^^^^^^^^^^^^^^^^^^^^^^^^^^^^^^^^^^^\n  File \"C:\\Python\\python-workspace\\Behave BDD Selenium Python Hybrid Framework with Page Object Model\\features\\pages\\BasePage.py\", line 92, in is_element_displayed\n    return self.get_element(locator).is_displayed()\n           ^^^^^^^^^^^^^^^^^^^^^^^^^\n  File \"C:\\Python\\python-workspace\\Behave BDD Selenium Python Hybrid Framework with Page Object Model\\features\\pages\\BasePage.py\", line 19, in get_element\n    return self.driver.find_element(*locator)\n           ^^^^^^^^^^^^^^^^^^^^^^^^^^^^^^^^^^\n  File \"C:\\Python\\python-workspace\\Behave BDD Selenium Python Hybrid Framework with Page Object Model\\.venv\\Lib\\site-packages\\selenium\\webdriver\\remote\\webdriver.py\", line 766, in find_element\n    return self.execute(Command.FIND_ELEMENT, {\"using\": by, \"value\": value})[\"value\"]\n           ^^^^^^^^^^^^^^^^^^^^^^^^^^^^^^^^^^^^^^^^^^^^^^^^^^^^^^^^^^^^^^^^^\n  File \"C:\\Python\\python-workspace\\Behave BDD Selenium Python Hybrid Framework with Page Object Model\\.venv\\Lib\\site-packages\\selenium\\webdriver\\remote\\webdriver.py\", line 380, in execute\n    self.error_handler.check_response(response)\n  File \"C:\\Python\\python-workspace\\Behave BDD Selenium Python Hybrid Framework with Page Object Model\\.venv\\Lib\\site-packages\\selenium\\webdriver\\remote\\errorhandler.py\", line 229, in check_response\n    raise exception_class(message, screen, stacktrace)\n"}, "attachments": [{"name": "Scenario: Login with valid credentials -- @1.4  failed", "source": "5d7b911e-4d5c-401d-9409-01795cce0e2b-attachment.png", "type": "image/png"}], "start": 1730615145436, "stop": 1730615145689}], "parameters": [{"name": "email", "value": "kinam@gmail.com"}, {"name": "password", "value": "123456"}], "start": 1730615140435, "stop": 1730615147996, "uuid": "9fe76c80-2fc4-4d32-834a-a9bb0fd43e36", "historyId": "89ed8ee878aebaa39ac45fe48ee80625", "fullName": "Login Functionality: Login with valid credentials", "labels": [{"name": "severity", "value": "normal"}, {"name": "feature", "value": "Login Functionality"}, {"name": "framework", "value": "behave"}, {"name": "language", "value": "cpython3"}]}